2024-04-21 13:53:10,706;Capella;6.1.0.202303291413;Open+Session;MJIII.LHM.aird;;
2024-04-21 13:53:12,215;Capella;6.1.0.202303291413;Open+Session;MJIII.LHM.aird;OK;
2024-04-21 13:53:40,288;Capella;6.1.0.202303291413;Open+Session;MJIII.LHM.aird;;
2024-04-21 13:53:41,465;Capella;6.1.0.202303291413;Open+Session;MJIII.LHM.aird;;
2024-04-21 13:54:25,830;Capella;6.1.0.202303291413;Create+Representation;Operational+Entity+Breakdown;;6950840e-ca9b-4558-83a2-06d0695b5c6f
2024-04-21 13:54:30,783;Capella;6.1.0.202303291413;Create+Representation;Operational+Entity+Breakdown;;6950840e-ca9b-4558-83a2-06d0695b5c6f
2024-04-21 13:54:31,020;Capella;6.1.0.202303291413;Create+Representation;Operational+Entity+Breakdown;OK;6950840e-ca9b-4558-83a2-06d0695b5c6f
2024-04-21 13:54:32,476;Capella;6.1.0.202303291413;Create+Representation;Operational+Entity+Breakdown;OK;6950840e-ca9b-4558-83a2-06d0695b5c6f
2024-04-21 14:05:02,396;Capella;6.1.0.202303291413;Create+Representation;Operational+Capabilities+Blank;;29839bd9-4e1f-4988-ac54-0f2ae2def5a1
2024-04-21 14:05:12,754;Capella;6.1.0.202303291413;Create+Representation;Operational+Capabilities+Blank;;29839bd9-4e1f-4988-ac54-0f2ae2def5a1
2024-04-21 14:05:12,811;Capella;6.1.0.202303291413;Create+Representation;Operational+Capabilities+Blank;OK;29839bd9-4e1f-4988-ac54-0f2ae2def5a1
2024-04-21 14:05:13,309;Capella;6.1.0.202303291413;Create+Representation;Operational+Capabilities+Blank;OK;29839bd9-4e1f-4988-ac54-0f2ae2def5a1
2024-04-21 14:05:52,884;Capella;6.1.0.202303291413;Open+Representation;;;
2024-04-21 14:05:52,989;Capella;6.1.0.202303291413;Open+Representation;;OK;
2024-04-21 14:07:07,031;Capella;6.1.0.202303291413;Open+Representation;;;
2024-04-21 14:07:07,515;Capella;6.1.0.202303291413;Open+Representation;;OK;
2024-04-21 14:08:39,433;Capella;6.1.0.202303291413;Open+Representation;;;
2024-04-21 14:08:39,782;Capella;6.1.0.202303291413;Open+Representation;;OK;
2024-04-21 14:10:39,798;Capella;6.1.0.202303291413;Open+Representation;;;
2024-04-21 14:10:40,169;Capella;6.1.0.202303291413;Open+Representation;;OK;
2024-04-21 14:19:53,140;Capella;6.1.0.202303291413;Create+Representation;Operational+Entity+Blank;;6950840e-ca9b-4558-83a2-06d0695b5c6f
2024-04-21 14:20:01,212;Capella;6.1.0.202303291413;Create+Representation;Operational+Entity+Blank;OK;6950840e-ca9b-4558-83a2-06d0695b5c6f
2024-04-21 14:20:21,969;Capella;6.1.0.202303291413;Create+Representation;Operational+Entity+Blank;;6950840e-ca9b-4558-83a2-06d0695b5c6f
2024-04-21 14:20:27,612;Capella;6.1.0.202303291413;Create+Representation;Operational+Entity+Blank;;6950840e-ca9b-4558-83a2-06d0695b5c6f
2024-04-21 14:20:27,644;Capella;6.1.0.202303291413;Create+Representation;Operational+Entity+Blank;OK;6950840e-ca9b-4558-83a2-06d0695b5c6f
2024-04-21 14:20:28,073;Capella;6.1.0.202303291413;Create+Representation;Operational+Entity+Blank;OK;6950840e-ca9b-4558-83a2-06d0695b5c6f
2024-04-21 14:34:09,200;Capella;6.1.0.202303291413;Create+Representation;Operational+Interaction+Scenario;;185e2157-48c4-4000-b3f8-47667e0a1ce9
2024-04-21 14:34:55,625;Capella;6.1.0.202303291413;Create+Representation;Operational+Interaction+Scenario;;dd4dd567-5391-4ea1-b179-1ffd26d86579
2024-04-21 14:34:55,776;Capella;6.1.0.202303291413;Create+Representation;Operational+Interaction+Scenario;OK;dd4dd567-5391-4ea1-b179-1ffd26d86579
2024-04-21 14:34:56,636;Capella;6.1.0.202303291413;Create+Representation;Operational+Interaction+Scenario;OK;185e2157-48c4-4000-b3f8-47667e0a1ce9
2024-04-21 14:35:28,351;Capella;6.1.0.202303291413;Create+Representation;Operational+Interaction+Scenario;;
2024-04-21 14:35:28,352;Capella;6.1.0.202303291413;Create+Representation;Operational+Interaction+Scenario;OK;
2024-04-21 14:35:43,926;Capella;6.1.0.202303291413;Create+Representation;Operational+Interaction+Scenario;;185e2157-48c4-4000-b3f8-47667e0a1ce9
2024-04-21 14:35:45,791;Capella;6.1.0.202303291413;Create+Representation;Operational+Interaction+Scenario;;ba305a68-af8e-4e7a-83ae-76e6912e064f
2024-04-21 14:35:45,803;Capella;6.1.0.202303291413;Create+Representation;Operational+Interaction+Scenario;OK;ba305a68-af8e-4e7a-83ae-76e6912e064f
2024-04-21 14:35:46,114;Capella;6.1.0.202303291413;Create+Representation;Operational+Interaction+Scenario;OK;185e2157-48c4-4000-b3f8-47667e0a1ce9
2024-04-21 14:36:48,346;Capella;6.1.0.202303291413;Create+Representation;Operational+Interaction+Scenario;;185e2157-48c4-4000-b3f8-47667e0a1ce9
2024-04-21 14:37:11,611;Capella;6.1.0.202303291413;Create+Representation;Operational+Interaction+Scenario;;a73ef94c-3d1c-4193-bf2f-d31df0037e02
2024-04-21 14:37:11,623;Capella;6.1.0.202303291413;Create+Representation;Operational+Interaction+Scenario;OK;a73ef94c-3d1c-4193-bf2f-d31df0037e02
2024-04-21 14:37:11,963;Capella;6.1.0.202303291413;Create+Representation;Operational+Interaction+Scenario;OK;185e2157-48c4-4000-b3f8-47667e0a1ce9
2024-04-21 14:45:33,675;Capella;6.1.0.202303291413;Open+Representation;;;
2024-04-21 14:45:34,102;Capella;6.1.0.202303291413;Open+Representation;;OK;
2024-04-21 14:58:32,521;Capella;6.1.0.202303291413;Open+Representation;;;
2024-04-21 14:58:33,061;Capella;6.1.0.202303291413;Open+Representation;;OK;
2024-04-21 14:59:00,634;Capella;6.1.0.202303291413;Create+Representation;Operational+Interaction+Scenario;;185e2157-48c4-4000-b3f8-47667e0a1ce9
2024-04-21 14:59:14,864;Capella;6.1.0.202303291413;Create+Representation;Operational+Interaction+Scenario;;91d4d6f3-1a3a-4532-91ad-77e74041e137
2024-04-21 14:59:14,894;Capella;6.1.0.202303291413;Create+Representation;Operational+Interaction+Scenario;OK;91d4d6f3-1a3a-4532-91ad-77e74041e137
2024-04-21 14:59:15,137;Capella;6.1.0.202303291413;Create+Representation;Operational+Interaction+Scenario;OK;185e2157-48c4-4000-b3f8-47667e0a1ce9
2024-04-21 15:02:41,957;Capella;6.1.0.202303291413;Open+Representation;;;
2024-04-21 15:02:42,294;Capella;6.1.0.202303291413;Open+Representation;;OK;
2024-04-21 15:02:43,411;Capella;6.1.0.202303291413;Open+Representation;;;
2024-04-21 15:02:43,688;Capella;6.1.0.202303291413;Open+Representation;;OK;
2024-04-21 15:02:45,504;Capella;6.1.0.202303291413;Open+Representation;;;
2024-04-21 15:02:45,749;Capella;6.1.0.202303291413;Open+Representation;;OK;
2024-04-21 15:02:46,633;Capella;6.1.0.202303291413;Open+Representation;;;
2024-04-21 15:02:46,890;Capella;6.1.0.202303291413;Open+Representation;;OK;
2024-04-21 15:02:51,292;Capella;6.1.0.202303291413;Open+Representation;;;
2024-04-21 15:02:51,403;Capella;6.1.0.202303291413;Open+Representation;;OK;
2024-04-21 15:03:02,115;Capella;6.1.0.202303291413;Open+Representation;;;
2024-04-21 15:03:02,434;Capella;6.1.0.202303291413;Open+Representation;;OK;
2024-04-21 15:03:39,253;Capella;6.1.0.202303291413;Create+Representation;Operational+Interaction+Scenario;;185e2157-48c4-4000-b3f8-47667e0a1ce9
2024-04-21 15:03:52,362;Capella;6.1.0.202303291413;Create+Representation;Operational+Interaction+Scenario;;7b56bc92-610b-4f9e-8e0b-65ec6802fc69
2024-04-21 15:03:52,371;Capella;6.1.0.202303291413;Create+Representation;Operational+Interaction+Scenario;OK;7b56bc92-610b-4f9e-8e0b-65ec6802fc69
2024-04-21 15:03:52,627;Capella;6.1.0.202303291413;Create+Representation;Operational+Interaction+Scenario;OK;185e2157-48c4-4000-b3f8-47667e0a1ce9
2024-04-21 15:03:58,607;Capella;6.1.0.202303291413;Open+Representation;;;
2024-04-21 15:03:58,916;Capella;6.1.0.202303291413;Open+Representation;;OK;
2024-04-21 15:05:50,415;Capella;6.1.0.202303291413;Open+Representation;;;
2024-04-21 15:05:50,681;Capella;6.1.0.202303291413;Open+Representation;;OK;
2024-04-21 15:05:51,659;Capella;6.1.0.202303291413;Open+Representation;;;
2024-04-21 15:05:51,955;Capella;6.1.0.202303291413;Open+Representation;;OK;
2024-04-21 15:05:53,866;Capella;6.1.0.202303291413;Open+Representation;;;
2024-04-21 15:05:54,168;Capella;6.1.0.202303291413;Open+Representation;;OK;
2024-04-21 15:06:12,514;Capella;6.1.0.202303291413;Open+Representation;;;
2024-04-21 15:06:12,608;Capella;6.1.0.202303291413;Open+Representation;;OK;
2024-04-21 15:06:14,883;Capella;6.1.0.202303291413;Open+Representation;;;
2024-04-21 15:06:15,015;Capella;6.1.0.202303291413;Open+Representation;;OK;
2024-04-21 15:06:15,988;Capella;6.1.0.202303291413;Open+Representation;;;
2024-04-21 15:06:16,277;Capella;6.1.0.202303291413;Open+Representation;;OK;
2024-04-21 15:10:14,801;Capella;6.1.0.202303291413;Open+Representation;;;
2024-04-21 15:10:15,157;Capella;6.1.0.202303291413;Open+Representation;;OK;
2024-04-21 15:11:05,681;Capella;6.1.0.202303291413;Open+Representation;;;
2024-04-21 15:11:06,101;Capella;6.1.0.202303291413;Open+Representation;;OK;
2024-04-21 15:14:36,133;Capella;6.1.0.202303291413;Create+Representation;Operational+Activity+Interaction+Blank;;40f7344c-b51e-487e-83d9-bb145da0bf74
2024-04-21 15:14:47,963;Capella;6.1.0.202303291413;Create+Representation;Operational+Activity+Interaction+Blank;;40f7344c-b51e-487e-83d9-bb145da0bf74
2024-04-21 15:14:48,024;Capella;6.1.0.202303291413;Create+Representation;Operational+Activity+Interaction+Blank;OK;40f7344c-b51e-487e-83d9-bb145da0bf74
2024-04-21 15:14:48,327;Capella;6.1.0.202303291413;Create+Representation;Operational+Activity+Interaction+Blank;OK;40f7344c-b51e-487e-83d9-bb145da0bf74
2024-04-21 15:31:21,663;Capella;6.1.0.202303291413;Open+Representation;;;
2024-04-21 15:31:21,947;Capella;6.1.0.202303291413;Open+Representation;;OK;
2024-04-21 15:32:06,282;Capella;6.1.0.202303291413;Open+Representation;;;
2024-04-21 15:32:06,596;Capella;6.1.0.202303291413;Open+Representation;;OK;
2024-04-21 15:39:53,160;Capella;6.1.0.202303291413;Create+Representation;System+Architecture+Blank;;6126cc70-8a07-4cd2-92f1-6da97ab1b608
2024-04-21 15:41:14,961;Capella;6.1.0.202303291413;Create+Representation;System+Architecture+Blank;OK;6126cc70-8a07-4cd2-92f1-6da97ab1b608
2024-04-21 15:41:59,728;Capella;6.1.0.202303291413;Transition;Operational+Entity+to+System+Actor+Transition;;
2024-04-21 15:42:16,299;Capella;6.1.0.202303291413;Transition;Operational+Entity+to+System+Actor+Transition;OK;
2024-04-21 15:43:56,607;Capella;6.1.0.202303291413;Create+Representation;Contextual+System+Actors;;d2135c1f-117e-49a0-a359-72a3f4f04bef
2024-04-21 15:44:05,659;Capella;6.1.0.202303291413;Create+Representation;Contextual+System+Actors;;d2135c1f-117e-49a0-a359-72a3f4f04bef
2024-04-21 15:44:05,844;Capella;6.1.0.202303291413;Create+Representation;Contextual+System+Actors;OK;d2135c1f-117e-49a0-a359-72a3f4f04bef
2024-04-21 15:44:06,448;Capella;6.1.0.202303291413;Create+Representation;Contextual+System+Actors;OK;d2135c1f-117e-49a0-a359-72a3f4f04bef
2024-04-21 15:54:12,766;Capella;6.1.0.202303291413;Open+Representation;;;
2024-04-21 15:54:13,707;Capella;6.1.0.202303291413;Open+Representation;;OK;
2024-04-21 15:54:22,746;Capella;6.1.0.202303291413;Open+Representation;;;
2024-04-21 15:54:23,170;Capella;6.1.0.202303291413;Open+Representation;;OK;
2024-04-21 15:54:26,101;Capella;6.1.0.202303291413;Open+Representation;;;
2024-04-21 15:54:26,429;Capella;6.1.0.202303291413;Open+Representation;;OK;
2024-04-21 15:59:35,238;Capella;6.1.0.202303291413;Create+Representation;Contextual+System+Actors;;d2135c1f-117e-49a0-a359-72a3f4f04bef
2024-04-21 16:00:10,191;Capella;6.1.0.202303291413;Create+Representation;Contextual+System+Actors;OK;d2135c1f-117e-49a0-a359-72a3f4f04bef
2024-04-21 16:00:17,753;Capella;6.1.0.202303291413;Transition;Operational+Entity+to+System+Actor+Transition;;
2024-04-21 16:00:21,058;Capella;6.1.0.202303291413;Transition;Operational+Entity+to+System+Actor+Transition;OK;
2024-04-21 16:00:25,302;Capella;6.1.0.202303291413;Create+Representation;Contextual+System+Actors;;d2135c1f-117e-49a0-a359-72a3f4f04bef
2024-04-21 16:00:35,588;Capella;6.1.0.202303291413;Create+Representation;Contextual+System+Actors;;d2135c1f-117e-49a0-a359-72a3f4f04bef
2024-04-21 16:00:35,763;Capella;6.1.0.202303291413;Create+Representation;Contextual+System+Actors;OK;d2135c1f-117e-49a0-a359-72a3f4f04bef
2024-04-21 16:00:36,523;Capella;6.1.0.202303291413;Create+Representation;Contextual+System+Actors;OK;d2135c1f-117e-49a0-a359-72a3f4f04bef
2024-04-21 16:03:28,839;Capella;6.1.0.202303291413;Transition;Operational+Capability+to+System+Mission+Transition;;
2024-04-21 16:03:31,105;Capella;6.1.0.202303291413;Transition;Operational+Capability+to+System+Mission+Transition;OK;
2024-04-21 16:09:29,771;Capella;6.1.0.202303291413;Open+Representation;;;
2024-04-21 16:09:30,107;Capella;6.1.0.202303291413;Open+Representation;;OK;
2024-04-21 16:09:40,856;Capella;6.1.0.202303291413;Open+Representation;;;
2024-04-21 16:09:41,169;Capella;6.1.0.202303291413;Open+Representation;;OK;
2024-04-21 16:10:30,374;Capella;6.1.0.202303291413;Open+Representation;;;
2024-04-21 16:10:30,653;Capella;6.1.0.202303291413;Open+Representation;;OK;
2024-04-21 16:11:16,594;Capella;6.1.0.202303291413;Open+Representation;;;
2024-04-21 16:11:16,859;Capella;6.1.0.202303291413;Open+Representation;;OK;
2024-04-21 16:11:25,796;Capella;6.1.0.202303291413;Transition;Operational+Capability+to+System+Mission+Transition;;
2024-04-21 16:11:30,120;Capella;6.1.0.202303291413;Transition;Operational+Capability+to+System+Mission+Transition;OK;
2024-04-21 16:17:29,347;Capella;6.1.0.202303291413;Create+Representation;System+Architecture+Blank;;6126cc70-8a07-4cd2-92f1-6da97ab1b608
2024-04-21 16:17:39,024;Capella;6.1.0.202303291413;Create+Representation;System+Architecture+Blank;;6126cc70-8a07-4cd2-92f1-6da97ab1b608
2024-04-21 16:17:39,076;Capella;6.1.0.202303291413;Create+Representation;System+Architecture+Blank;OK;6126cc70-8a07-4cd2-92f1-6da97ab1b608
2024-04-21 16:17:39,593;Capella;6.1.0.202303291413;Create+Representation;System+Architecture+Blank;OK;6126cc70-8a07-4cd2-92f1-6da97ab1b608
2024-04-21 17:17:53,524;Capella;6.1.0.202303291413;Open+Representation;;;
2024-04-21 17:17:55,234;Capella;6.1.0.202303291413;Open+Representation;;OK;
2024-04-21 17:18:19,321;Capella;6.1.0.202303291413;Open+Representation;;;
2024-04-21 17:18:19,671;Capella;6.1.0.202303291413;Open+Representation;;OK;
2024-04-21 17:24:12,986;Capella;6.1.0.202303291413;Open+Representation;;;
2024-04-21 17:24:13,505;Capella;6.1.0.202303291413;Open+Representation;;OK;
2024-04-21 17:50:44,945;Capella;6.1.0.202303291413;Create+Representation;Logical+Component+Breakdown;;af4f84de-d087-46df-a874-0a2eac7f1dd6
2024-04-21 17:50:53,230;Capella;6.1.0.202303291413;Create+Representation;Logical+Component+Breakdown;;af4f84de-d087-46df-a874-0a2eac7f1dd6
2024-04-21 17:50:53,415;Capella;6.1.0.202303291413;Create+Representation;Logical+Component+Breakdown;OK;af4f84de-d087-46df-a874-0a2eac7f1dd6
2024-04-21 17:50:54,142;Capella;6.1.0.202303291413;Create+Representation;Logical+Component+Breakdown;OK;af4f84de-d087-46df-a874-0a2eac7f1dd6
