2024-04-21 15:13:19,016;Capella;6.1.0.202303291413;Open+Session;Lunar%2520Habitat%2520Module%2520Architecture%2520Model.aird;;
2024-04-21 15:13:19,947;Capella;6.1.0.202303291413;Open+Session;Lunar%2520Habitat%2520Module%2520Architecture%2520Model.aird;OK;
2024-04-21 16:37:29,467;Capella;6.1.0.202303291413;Create+Representation;Operational+Entity+Blank;;53c3b513-e4f4-4bc4-a0f8-8616375557dc
2024-04-21 16:38:13,319;Capella;6.1.0.202303291413;Create+Representation;Operational+Entity+Blank;OK;53c3b513-e4f4-4bc4-a0f8-8616375557dc
2024-04-21 16:38:16,375;Capella;6.1.0.202303291413;Create+Representation;Operational+Entity+Blank;;53c3b513-e4f4-4bc4-a0f8-8616375557dc
2024-04-21 16:38:19,225;Capella;6.1.0.202303291413;Create+Representation;Operational+Entity+Blank;;53c3b513-e4f4-4bc4-a0f8-8616375557dc
2024-04-21 16:38:19,446;Capella;6.1.0.202303291413;Create+Representation;Operational+Entity+Blank;OK;53c3b513-e4f4-4bc4-a0f8-8616375557dc
2024-04-21 16:38:20,766;Capella;6.1.0.202303291413;Create+Representation;Operational+Entity+Blank;OK;53c3b513-e4f4-4bc4-a0f8-8616375557dc
2024-04-21 16:41:33,557;Capella;6.1.0.202303291413;Open+Representation;;;
2024-04-21 16:41:33,756;Capella;6.1.0.202303291413;Open+Representation;;OK;
2024-04-21 16:41:42,704;Capella;6.1.0.202303291413;Open+Representation;;;
2024-04-21 16:41:42,876;Capella;6.1.0.202303291413;Open+Representation;;OK;
2024-04-21 19:41:18,970;Capella;6.1.0.202303291413;Create+Representation;System+Function+Breakdown;;db62e9ad-589d-4699-87c1-b82aa2826ce0
2024-04-21 19:41:21,722;Capella;6.1.0.202303291413;Create+Representation;System+Function+Breakdown;;db62e9ad-589d-4699-87c1-b82aa2826ce0
2024-04-21 19:41:21,722;Capella;6.1.0.202303291413;Create+Representation;System+Function+Breakdown;OK;db62e9ad-589d-4699-87c1-b82aa2826ce0
2024-04-21 19:41:21,929;Capella;6.1.0.202303291413;Create+Representation;System+Function+Breakdown;OK;db62e9ad-589d-4699-87c1-b82aa2826ce0
2024-04-21 19:42:50,094;Capella;6.1.0.202303291413;Open+Representation;;;
2024-04-21 19:42:50,147;Capella;6.1.0.202303291413;Open+Representation;;OK;
2024-04-21 19:48:07,029;Capella;6.1.0.202303291413;Transition;Functional+Transition;;
2024-04-21 19:49:22,696;Capella;6.1.0.202303291413;Transition;Functional+Transition;OK;
2024-04-21 19:56:18,308;Capella;6.1.0.202303291413;Transition;Operational+Entity+to+System+Actor+Transition;;
2024-04-21 19:56:22,963;Capella;6.1.0.202303291413;Transition;Operational+Entity+to+System+Actor+Transition;OK;
2024-04-21 19:56:32,198;Capella;6.1.0.202303291413;Transition;Operational+Entity+to+System+Actor+Transition;;
2024-04-21 19:56:33,705;Capella;6.1.0.202303291413;Transition;Operational+Entity+to+System+Actor+Transition;OK;
2024-04-21 19:57:53,767;Capella;6.1.0.202303291413;Create+Representation;System+Data+Flow+Blank;;db62e9ad-589d-4699-87c1-b82aa2826ce0
2024-04-21 19:57:55,425;Capella;6.1.0.202303291413;Create+Representation;System+Data+Flow+Blank;;db62e9ad-589d-4699-87c1-b82aa2826ce0
2024-04-21 19:57:55,436;Capella;6.1.0.202303291413;Create+Representation;System+Data+Flow+Blank;OK;db62e9ad-589d-4699-87c1-b82aa2826ce0
2024-04-21 19:57:55,621;Capella;6.1.0.202303291413;Create+Representation;System+Data+Flow+Blank;OK;db62e9ad-589d-4699-87c1-b82aa2826ce0
2024-04-21 19:58:04,127;Capella;6.1.0.202303291413;Create+Representation;Functional+Scenario;;1d734c11-d787-4361-a883-1f451577c66e
2024-04-21 19:58:05,428;Capella;6.1.0.202303291413;Create+Representation;Functional+Scenario;;d38dcf10-7cdf-46fa-be1f-7471033284a7
2024-04-21 19:58:05,447;Capella;6.1.0.202303291413;Create+Representation;Functional+Scenario;OK;d38dcf10-7cdf-46fa-be1f-7471033284a7
2024-04-21 19:58:05,733;Capella;6.1.0.202303291413;Create+Representation;Functional+Scenario;OK;1d734c11-d787-4361-a883-1f451577c66e
2024-04-21 19:59:01,246;Capella;6.1.0.202303291413;Create+Representation;Contextual+System+Actors;;c7d497e4-7046-42ef-b9e9-38d8ecb5533c
2024-04-21 19:59:02,731;Capella;6.1.0.202303291413;Create+Representation;Contextual+System+Actors;OK;c7d497e4-7046-42ef-b9e9-38d8ecb5533c
2024-04-21 19:59:06,878;Capella;6.1.0.202303291413;Create+Representation;Contextual+System+Actors;;c7d497e4-7046-42ef-b9e9-38d8ecb5533c
2024-04-21 19:59:08,597;Capella;6.1.0.202303291413;Create+Representation;Contextual+System+Actors;OK;c7d497e4-7046-42ef-b9e9-38d8ecb5533c
2024-04-21 19:59:10,741;Capella;6.1.0.202303291413;Create+Representation;Contextual+System+Actors;;c7d497e4-7046-42ef-b9e9-38d8ecb5533c
2024-04-21 19:59:12,136;Capella;6.1.0.202303291413;Create+Representation;Contextual+System+Actors;;c7d497e4-7046-42ef-b9e9-38d8ecb5533c
2024-04-21 19:59:12,641;Capella;6.1.0.202303291413;Create+Representation;Contextual+System+Actors;OK;c7d497e4-7046-42ef-b9e9-38d8ecb5533c
2024-04-21 19:59:12,987;Capella;6.1.0.202303291413;Create+Representation;Contextual+System+Actors;OK;c7d497e4-7046-42ef-b9e9-38d8ecb5533c
2024-04-21 20:00:36,480;Capella;6.1.0.202303291413;Open+Representation;;;
2024-04-21 20:00:36,630;Capella;6.1.0.202303291413;Open+Representation;;OK;
2024-04-21 20:01:44,080;Capella;6.1.0.202303291413;Open+Representation;;;
2024-04-21 20:01:44,231;Capella;6.1.0.202303291413;Open+Representation;;OK;
2024-04-21 20:02:57,333;Capella;6.1.0.202303291413;Create+Representation;Functional+Scenario;;
2024-04-21 20:02:57,334;Capella;6.1.0.202303291413;Create+Representation;Functional+Scenario;OK;
2024-04-21 20:03:17,565;Capella;6.1.0.202303291413;Create+Representation;Functional+Scenario;;1d734c11-d787-4361-a883-1f451577c66e
2024-04-21 20:03:19,189;Capella;6.1.0.202303291413;Create+Representation;Functional+Scenario;;671ba14f-9992-42c1-bf0c-42e445d64f6d
2024-04-21 20:03:19,193;Capella;6.1.0.202303291413;Create+Representation;Functional+Scenario;OK;671ba14f-9992-42c1-bf0c-42e445d64f6d
2024-04-21 20:03:19,354;Capella;6.1.0.202303291413;Create+Representation;Functional+Scenario;OK;1d734c11-d787-4361-a883-1f451577c66e
2024-04-21 20:05:37,561;Capella;6.1.0.202303291413;Transition;State+Machine+Transition;;
2024-04-21 20:05:40,956;Capella;6.1.0.202303291413;Transition;State+Machine+Transition;OK;
2024-04-21 20:05:50,098;Capella;6.1.0.202303291413;Open+Representation;;;
2024-04-21 20:05:50,252;Capella;6.1.0.202303291413;Open+Representation;;OK;
2024-04-21 20:06:06,165;Capella;6.1.0.202303291413;Open+Representation;;;
2024-04-21 20:06:06,313;Capella;6.1.0.202303291413;Open+Representation;;OK;
2024-04-21 20:07:49,015;Capella;6.1.0.202303291413;Open+Representation;;;
2024-04-21 20:07:49,060;Capella;6.1.0.202303291413;Open+Representation;;OK;
2024-04-21 20:07:51,954;Capella;6.1.0.202303291413;Open+Representation;;;
2024-04-21 20:07:52,112;Capella;6.1.0.202303291413;Open+Representation;;OK;
2024-04-21 20:16:00,910;Capella;6.1.0.202303291413;Create+Representation;System+Data+Flow+Blank;;db62e9ad-589d-4699-87c1-b82aa2826ce0
2024-04-21 20:16:03,382;Capella;6.1.0.202303291413;Create+Representation;System+Data+Flow+Blank;OK;db62e9ad-589d-4699-87c1-b82aa2826ce0
2024-04-21 20:16:04,644;Capella;6.1.0.202303291413;Create+Representation;System+Data+Flow+Blank;;db62e9ad-589d-4699-87c1-b82aa2826ce0
2024-04-21 20:16:05,688;Capella;6.1.0.202303291413;Create+Representation;System+Data+Flow+Blank;;db62e9ad-589d-4699-87c1-b82aa2826ce0
2024-04-21 20:16:05,693;Capella;6.1.0.202303291413;Create+Representation;System+Data+Flow+Blank;OK;db62e9ad-589d-4699-87c1-b82aa2826ce0
2024-04-21 20:16:05,842;Capella;6.1.0.202303291413;Create+Representation;System+Data+Flow+Blank;OK;db62e9ad-589d-4699-87c1-b82aa2826ce0
2024-04-21 20:16:45,266;Capella;6.1.0.202303291413;Transition;Functional+Transition;;
2024-04-21 20:16:53,477;Capella;6.1.0.202303291413;Transition;Functional+Transition;ERROR;
2024-04-21 20:16:58,416;Capella;6.1.0.202303291413;Transition;Functional+Transition;;
2024-04-21 20:17:01,227;Capella;6.1.0.202303291413;Transition;Functional+Transition;ERROR;
2024-04-21 20:17:23,482;Capella;6.1.0.202303291413;Create+Representation;System+Function+Breakdown;;db62e9ad-589d-4699-87c1-b82aa2826ce0
2024-04-21 20:17:24,688;Capella;6.1.0.202303291413;Create+Representation;System+Function+Breakdown;;db62e9ad-589d-4699-87c1-b82aa2826ce0
2024-04-21 20:17:24,696;Capella;6.1.0.202303291413;Create+Representation;System+Function+Breakdown;OK;db62e9ad-589d-4699-87c1-b82aa2826ce0
2024-04-21 20:17:24,861;Capella;6.1.0.202303291413;Create+Representation;System+Function+Breakdown;OK;db62e9ad-589d-4699-87c1-b82aa2826ce0
2024-04-21 21:04:56,671;Capella;6.1.0.202303291413;Create+Representation;Logical+Architecture+Blank;;174bb4dd-2b38-4eec-83b6-360e6fa5a4c4
2024-04-21 21:04:58,475;Capella;6.1.0.202303291413;Create+Representation;Logical+Architecture+Blank;;174bb4dd-2b38-4eec-83b6-360e6fa5a4c4
2024-04-21 21:04:58,484;Capella;6.1.0.202303291413;Create+Representation;Logical+Architecture+Blank;OK;174bb4dd-2b38-4eec-83b6-360e6fa5a4c4
2024-04-21 21:04:58,698;Capella;6.1.0.202303291413;Create+Representation;Logical+Architecture+Blank;OK;174bb4dd-2b38-4eec-83b6-360e6fa5a4c4
2024-04-21 22:30:22,841;Capella;6.1.0.202303291413;Create+Representation;Logical+Component+Breakdown;;174bb4dd-2b38-4eec-83b6-360e6fa5a4c4
2024-04-21 22:30:24,080;Capella;6.1.0.202303291413;Create+Representation;Logical+Component+Breakdown;;174bb4dd-2b38-4eec-83b6-360e6fa5a4c4
2024-04-21 22:30:24,089;Capella;6.1.0.202303291413;Create+Representation;Logical+Component+Breakdown;OK;174bb4dd-2b38-4eec-83b6-360e6fa5a4c4
2024-04-21 22:30:24,267;Capella;6.1.0.202303291413;Create+Representation;Logical+Component+Breakdown;OK;174bb4dd-2b38-4eec-83b6-360e6fa5a4c4
